{"status":200,"description":"The website has been updated."}
{"status":200,"description":"The website has been updated.","time":"Wed, 17 Dec 2014 12:24:22 +0100"}
{"status":200,"description":"The website has been updated.","time":"Wed, 17 Dec 2014 15:28:38 +0100"}
{"status":200,"description":"The website has been updated.","time":"Wed, 17 Dec 2014 19:10:33 +0100"}
{"status":200,"description":"The website has been updated.","time":"Wed, 17 Dec 2014 19:25:38 +0100"}
{"status":200,"description":"The website has been updated.","time":"Wed, 17 Dec 2014 19:33:30 +0100"}
{"status":200,"description":"The website has been updated.","time":"Wed, 17 Dec 2014 19:37:18 +0100"}
{"status":200,"description":"The website has been updated.","time":"Wed, 17 Dec 2014 19:41:19 +0100"}
{"status":200,"description":"The website has been updated.","time":"Wed, 17 Dec 2014 19:42:34 +0100"}
{"status":200,"description":"The website has been updated.","time":"Wed, 17 Dec 2014 19:49:30 +0100"}
{"status":200,"description":"The website has been updated.","time":"Wed, 17 Dec 2014 20:16:57 +0100"}
{"status":200,"description":"The website has been updated.","time":"Wed, 17 Dec 2014 20:21:35 +0100"}
{"status":200,"description":"The website has been updated.","time":"Wed, 17 Dec 2014 20:25:19 +0100"}
{"status":200,"description":"The website has been updated.","time":"Wed, 17 Dec 2014 20:26:02 +0100"}
{"status":200,"description":"The website has been updated.","time":"Wed, 17 Dec 2014 20:34:14 +0100"}
{"status":200,"description":"The website has been updated.","time":"Wed, 17 Dec 2014 20:39:04 +0100"}
{"status":200,"description":"The website has been updated.","time":"Wed, 17 Dec 2014 20:41:15 +0100"}
{"status":200,"description":"The website has been updated.","time":"Wed, 17 Dec 2014 20:44:54 +0100"}
{"status":200,"description":"The website has been updated.","time":"Wed, 17 Dec 2014 20:51:36 +0100"}
{"status":200,"description":"The website has been updated.","time":"Thu, 18 Dec 2014 10:07:07 +0100"}
{"status":200,"description":"The website has been updated.","time":"Thu, 18 Dec 2014 10:18:00 +0100"}
{"status":200,"description":"The website has been updated.","time":"Thu, 18 Dec 2014 10:29:17 +0100"}
{"status":200,"description":"The website has been updated.","time":"Fri, 19 Dec 2014 22:44:45 +0100"}
{"status":200,"description":"The website has been updated.","time":"Fri, 19 Dec 2014 22:52:39 +0100"}
{"status":200,"description":"The website has been updated.","time":"Fri, 19 Dec 2014 22:53:34 +0100"}
{"status":200,"description":"The website has been updated.","time":"Fri, 19 Dec 2014 22:58:05 +0100"}
{"status":200,"description":"The website has been updated.","time":"Fri, 19 Dec 2014 23:00:14 +0100"}
{"status":200,"description":"The website has been updated.","time":"Sat, 20 Dec 2014 22:45:23 +0100"}
{"status":200,"description":"The website has been updated.","time":"Sat, 20 Dec 2014 22:46:52 +0100"}
{"status":200,"description":"The website has been updated.","time":"Sat, 20 Dec 2014 22:52:31 +0100"}
{"status":200,"description":"The website has been updated.","time":"Sat, 20 Dec 2014 22:55:54 +0100"}
{"status":200,"description":"The website has been updated.","time":"Sun, 21 Dec 2014 01:40:03 +0100"}
{"status":200,"description":"The website has been updated.","time":"Sun, 21 Dec 2014 02:03:58 +0100"}
{"status":200,"description":"The website has been updated.","time":"Sun, 21 Dec 2014 02:26:33 +0100"}
{"status":200,"description":"The website has been updated.","time":"Sun, 21 Dec 2014 02:41:22 +0100"}
{"status":200,"description":"The website has been updated.","time":"Sun, 21 Dec 2014 02:54:06 +0100"}
{"status":200,"description":"The website has been updated.","time":"Sun, 21 Dec 2014 03:01:44 +0100"}
{"status":200,"description":"The website has been updated.","time":"Sun, 21 Dec 2014 03:14:21 +0100"}
{"status":200,"description":"The website has been updated.","time":"Mon, 22 Dec 2014 00:47:00 +0100"}
{"status":200,"description":"The website has been updated.","time":"Thu, 01 Jan 2015 22:30:42 +0100"}
{"status":200,"description":"The website has been updated.","time":"Thu, 01 Jan 2015 22:32:07 +0100"}
{"status":200,"description":"The website has been updated.","time":"Thu, 01 Jan 2015 22:36:32 +0100"}
{"status":200,"description":"The website has been updated.","time":"Thu, 15 Jan 2015 22:47:55 +0100"}
{"status":200,"description":"The website has been updated.","time":"Thu, 15 Jan 2015 22:53:11 +0100"}
{"status":200,"description":"The website has been updated.","time":"Fri, 16 Jan 2015 15:21:24 +0100"}
{"status":200,"description":"The website has been updated.","time":"Fri, 16 Jan 2015 15:22:37 +0100"}
{"status":200,"description":"The website has been updated.","time":"Sat, 17 Jan 2015 22:33:30 +0100"}
{"status":200,"description":"The website has been updated.","time":"Sat, 17 Jan 2015 22:35:41 +0100"}
{"status":200,"description":"The website has been updated.","time":"Sat, 17 Jan 2015 22:37:13 +0100"}
{"status":200,"description":"The website has been updated.","time":"Sat, 17 Jan 2015 22:39:09 +0100"}
{"status":200,"description":"The website has been updated.","time":"Sun, 18 Jan 2015 01:57:39 +0100"}
{"status":200,"description":"The website has been updated.","time":"Sun, 18 Jan 2015 01:59:36 +0100"}
{"status":200,"description":"The website has been updated.","time":"Sun, 18 Jan 2015 02:00:45 +0100"}
{"status":200,"description":"The website has been updated.","time":"Sun, 18 Jan 2015 02:04:31 +0100"}
{"status":200,"description":"The website has been updated.","time":"Sun, 18 Jan 2015 02:06:20 +0100"}
{"status":200,"description":"The website has been updated.","time":"Sun, 18 Jan 2015 02:07:25 +0100"}
{"status":200,"description":"The website has been updated.","time":"Sun, 18 Jan 2015 14:37:25 +0100"}
{"status":200,"description":"The website has been updated.","time":"Sun, 18 Jan 2015 14:40:28 +0100"}
{"status":200,"description":"The website has been updated.","time":"Sun, 18 Jan 2015 16:43:56 +0100"}
{"status":200,"description":"The website has been updated.","time":"Sun, 18 Jan 2015 16:47:37 +0100"}
{"status":200,"description":"The website has been updated.","time":"Sun, 18 Jan 2015 17:04:18 +0100"}
{"status":200,"description":"The website has been updated.","time":"Sun, 18 Jan 2015 17:11:27 +0100"}
{"status":200,"description":"The website has been updated.","time":"Sun, 18 Jan 2015 17:13:10 +0100"}
{"status":400,"description":"Bad Request","time":"Sun, 18 Jan 2015 17:21:41 +0100"}
{"status":400,"description":"Bad Request","time":"Sun, 18 Jan 2015 17:32:33 +0100"}
{"status":400,"description":"Bad Request","time":"Sun, 18 Jan 2015 17:35:28 +0100"}
{"status":400,"description":"Bad Request","time":"Sun, 18 Jan 2015 17:36:27 +0100"}
{"status":200,"description":"The website has been updated.","time":"Sun, 18 Jan 2015 17:37:29 +0100"}
{"status":401,"description":"Unauthorized","time":"Sun, 18 Jan 2015 17:43:04 +0100"}
{"status":400,"description":"Bad Request","time":"Sun, 18 Jan 2015 17:50:03 +0100"}
